# JRE version: OpenJDK Runtime Environment Temurin-21.0.10+7 (21.0.10+7) (build 21.0.10+7-LTS)
# Java VM: OpenJDK 64-Bit Server VM Temurin-21.0.10+7 (21.0.10+7-LTS, mixed mode, sharing, tiered, compressed oops, compressed class ptrs, parallel gc, windows-amd64)
GC Precious Log:
 CardTable entry size: 512
 CPUs: 16 total, 16 available
 Memory: 16068M
 Large Page Support: Disabled
 NUMA Support: Disabled
 Compressed Oops: Enabled (32-bit)
 Alignments: Space 512K, Generation 512K, Heap 2M
 Heap Min Capacity: 100M
 Heap Initial Capacity: 100M
 Heap Max Capacity: 2G
 Pre-touch: Disabled
 Parallel Workers: 13
Heap:
 PSYoungGen      total 22016K, used 3614K [0x00000000d5580000, 0x00000000d6d00000, 0x0000000100000000)
  eden space 20480K, 10% used [0x00000000d5580000,0x00000000d57af820,0x00000000d6980000)
  from space 1536K, 89% used [0x00000000d6a80000,0x00000000d6bd8030,0x00000000d6c00000)
  to   space 1024K, 0% used [0x00000000d6c00000,0x00000000d6c00000,0x00000000d6d00000)
 ParOldGen       total 76288K, used 59420K [0x0000000080000000, 0x0000000084a80000, 0x00000000d5580000)
  object space 76288K, 77% used [0x0000000080000000,0x0000000083a07050,0x0000000084a80000)
 Metaspace       used 61388K, committed 62848K, reserved 1114112K
  class space    used 6508K, committed 7168K, reserved 1048576K
GC Heap History (20 events):
Event: 14.262 GC heap before
{Heap before GC invocations=63 (full 2):
 PSYoungGen      total 21504K, used 21032K [0x00000000d5580000, 0x00000000d6c00000, 0x0000000100000000)
  eden space 20480K, 100% used [0x00000000d5580000,0x00000000d6980000,0x00000000d6980000)
  from space 1024K, 53% used [0x00000000d6b00000,0x00000000d6b8a388,0x00000000d6c00000)
  to   space 1024K, 0% used [0x00000000d6a00000,0x00000000d6a00000,0x00000000d6b00000)
 ParOldGen       total 73216K, used 73015K [0x0000000080000000, 0x0000000084780000, 0x00000000d5580000)
  object space 73216K, 99% used [0x0000000080000000,0x000000008474ddc0,0x0000000084780000)
 Metaspace       used 53994K, committed 55424K, reserved 1114112K
  class space    used 5743K, committed 6400K, reserved 1048576K
}
Event: 14.264 GC heap after
{Heap after GC invocations=63 (full 2):
 PSYoungGen      total 21504K, used 823K [0x00000000d5580000, 0x00000000d6b80000, 0x0000000100000000)
  eden space 20480K, 0% used [0x00000000d5580000,0x00000000d5580000,0x00000000d6980000)
  from space 1024K, 80% used [0x00000000d6a00000,0x00000000d6acdee0,0x00000000d6b00000)
  to   space 512K, 0% used [0x00000000d6b00000,0x00000000d6b00000,0x00000000d6b80000)
 ParOldGen       total 73728K, used 73223K [0x0000000080000000, 0x0000000084800000, 0x00000000d5580000)
  object space 73728K, 99% used [0x0000000080000000,0x0000000084781dc0,0x0000000084800000)
 Metaspace       used 53994K, committed 55424K, reserved 1114112K
  class space    used 5743K, committed 6400K, reserved 1048576K
}
Event: 14.355 GC heap before
{Heap before GC invocations=64 (full 2):
 PSYoungGen      total 21504K, used 21303K [0x00000000d5580000, 0x00000000d6b80000, 0x0000000100000000)
  eden space 20480K, 100% used [0x00000000d5580000,0x00000000d6980000,0x00000000d6980000)
  from space 1024K, 80% used [0x00000000d6a00000,0x00000000d6acdee0,0x00000000d6b00000)
  to   space 512K, 0% used [0x00000000d6b00000,0x00000000d6b00000,0x00000000d6b80000)
 ParOldGen       total 73728K, used 73223K [0x0000000080000000, 0x0000000084800000, 0x00000000d5580000)
  object space 73728K, 99% used [0x0000000080000000,0x0000000084781dc0,0x0000000084800000)
 Metaspace       used 54512K, committed 55936K, reserved 1114112K
  class space    used 5779K, committed 6400K, reserved 1048576K
}
Event: 14.356 GC heap after
{Heap after GC invocations=64 (full 2):
 PSYoungGen      total 20992K, used 512K [0x00000000d5580000, 0x00000000d6c80000, 0x0000000100000000)
  eden space 20480K, 0% used [0x00000000d5580000,0x00000000d5580000,0x00000000d6980000)
  from space 512K, 100% used [0x00000000d6b00000,0x00000000d6b80000,0x00000000d6b80000)
  to   space 1536K, 0% used [0x00000000d6980000,0x00000000d6980000,0x00000000d6b00000)
 ParOldGen       total 74240K, used 74031K [0x0000000080000000, 0x0000000084880000, 0x00000000d5580000)
  object space 74240K, 99% used [0x0000000080000000,0x000000008484bde0,0x0000000084880000)
 Metaspace       used 54512K, committed 55936K, reserved 1114112K
  class space    used 5779K, committed 6400K, reserved 1048576K
}
Event: 14.450 GC heap before
{Heap before GC invocations=65 (full 2):
 PSYoungGen      total 20992K, used 20992K [0x00000000d5580000, 0x00000000d6c80000, 0x0000000100000000)
  eden space 20480K, 100% used [0x00000000d5580000,0x00000000d6980000,0x00000000d6980000)
  from space 512K, 100% used [0x00000000d6b00000,0x00000000d6b80000,0x00000000d6b80000)
  to   space 1536K, 0% used [0x00000000d6980000,0x00000000d6980000,0x00000000d6b00000)
 ParOldGen       total 74240K, used 74031K [0x0000000080000000, 0x0000000084880000, 0x00000000d5580000)
  object space 74240K, 99% used [0x0000000080000000,0x000000008484bde0,0x0000000084880000)
 Metaspace       used 55323K, committed 56768K, reserved 1114112K
  class space    used 5879K, committed 6528K, reserved 1048576K
}
Event: 14.451 GC heap after
{Heap after GC invocations=65 (full 2):
 PSYoungGen      total 20992K, used 448K [0x00000000d5580000, 0x00000000d6b80000, 0x0000000100000000)
  eden space 20480K, 0% used [0x00000000d5580000,0x00000000d5580000,0x00000000d6980000)
  from space 512K, 87% used [0x00000000d6980000,0x00000000d69f0000,0x00000000d6a00000)
  to   space 1024K, 0% used [0x00000000d6a80000,0x00000000d6a80000,0x00000000d6b80000)
 ParOldGen       total 74752K, used 74518K [0x0000000080000000, 0x0000000084900000, 0x00000000d5580000)
  object space 74752K, 99% used [0x0000000080000000,0x00000000848c5ad0,0x0000000084900000)
 Metaspace       used 55323K, committed 56768K, reserved 1114112K
  class space    used 5879K, committed 6528K, reserved 1048576K
}
Event: 14.703 GC heap before
{Heap before GC invocations=66 (full 2):
 PSYoungGen      total 20992K, used 20928K [0x00000000d5580000, 0x00000000d6b80000, 0x0000000100000000)
  eden space 20480K, 100% used [0x00000000d5580000,0x00000000d6980000,0x00000000d6980000)
  from space 512K, 87% used [0x00000000d6980000,0x00000000d69f0000,0x00000000d6a00000)
  to   space 1024K, 0% used [0x00000000d6a80000,0x00000000d6a80000,0x00000000d6b80000)
 ParOldGen       total 74752K, used 74518K [0x0000000080000000, 0x0000000084900000, 0x00000000d5580000)
  object space 74752K, 99% used [0x0000000080000000,0x00000000848c5ad0,0x0000000084900000)
 Metaspace       used 56196K, committed 57664K, reserved 1114112K
  class space    used 6008K, committed 6656K, reserved 1048576K
}
Event: 14.704 GC heap after
{Heap after GC invocations=66 (full 2):
 PSYoungGen      total 21504K, used 792K [0x00000000d5580000, 0x00000000d6b80000, 0x0000000100000000)
  eden space 20480K, 0% used [0x00000000d5580000,0x00000000d5580000,0x00000000d6980000)
  from space 1024K, 77% used [0x00000000d6a80000,0x00000000d6b462e8,0x00000000d6b80000)
  to   space 1024K, 0% used [0x00000000d6980000,0x00000000d6980000,0x00000000d6a80000)
 ParOldGen       total 74752K, used 74686K [0x0000000080000000, 0x0000000084900000, 0x00000000d5580000)
  object space 74752K, 99% used [0x0000000080000000,0x00000000848efad0,0x0000000084900000)
 Metaspace       used 56196K, committed 57664K, reserved 1114112K
  class space    used 6008K, committed 6656K, reserved 1048576K
}
Event: 14.979 GC heap before
{Heap before GC invocations=67 (full 2):
 PSYoungGen      total 21504K, used 21272K [0x00000000d5580000, 0x00000000d6b80000, 0x0000000100000000)
  eden space 20480K, 100% used [0x00000000d5580000,0x00000000d6980000,0x00000000d6980000)
  from space 1024K, 77% used [0x00000000d6a80000,0x00000000d6b462e8,0x00000000d6b80000)
  to   space 1024K, 0% used [0x00000000d6980000,0x00000000d6980000,0x00000000d6a80000)
 ParOldGen       total 74752K, used 74686K [0x0000000080000000, 0x0000000084900000, 0x00000000d5580000)
  object space 74752K, 99% used [0x0000000080000000,0x00000000848efad0,0x0000000084900000)
 Metaspace       used 57831K, committed 59264K, reserved 1114112K
  class space    used 6171K, committed 6848K, reserved 1048576K
}
Event: 14.981 GC heap after
{Heap after GC invocations=67 (full 2):
 PSYoungGen      total 21504K, used 896K [0x00000000d5580000, 0x00000000d6b80000, 0x0000000100000000)
  eden space 20480K, 0% used [0x00000000d5580000,0x00000000d5580000,0x00000000d6980000)
  from space 1024K, 87% used [0x00000000d6980000,0x00000000d6a60010,0x00000000d6a80000)
  to   space 1024K, 0% used [0x00000000d6a80000,0x00000000d6a80000,0x00000000d6b80000)
 ParOldGen       total 75264K, used 75246K [0x0000000080000000, 0x0000000084980000, 0x00000000d5580000)
  object space 75264K, 99% used [0x0000000080000000,0x000000008497b860,0x0000000084980000)
 Metaspace       used 57831K, committed 59264K, reserved 1114112K
  class space    used 6171K, committed 6848K, reserved 1048576K
}
Event: 15.103 GC heap before
{Heap before GC invocations=68 (full 2):
 PSYoungGen      total 21504K, used 9829K [0x00000000d5580000, 0x00000000d6b80000, 0x0000000100000000)
  eden space 20480K, 43% used [0x00000000d5580000,0x00000000d5e396c0,0x00000000d6980000)
  from space 1024K, 87% used [0x00000000d6980000,0x00000000d6a60010,0x00000000d6a80000)
  to   space 1024K, 0% used [0x00000000d6a80000,0x00000000d6a80000,0x00000000d6b80000)
 ParOldGen       total 75264K, used 75246K [0x0000000080000000, 0x0000000084980000, 0x00000000d5580000)
  object space 75264K, 99% used [0x0000000080000000,0x000000008497b860,0x0000000084980000)
 Metaspace       used 58422K, committed 59776K, reserved 1114112K
  class space    used 6241K, committed 6848K, reserved 1048576K
}
Event: 15.105 GC heap after
{Heap after GC invocations=68 (full 2):
 PSYoungGen      total 21504K, used 903K [0x00000000d5580000, 0x00000000d6b80000, 0x0000000100000000)
  eden space 20480K, 0% used [0x00000000d5580000,0x00000000d5580000,0x00000000d6980000)
  from space 1024K, 88% used [0x00000000d6a80000,0x00000000d6b61e70,0x00000000d6b80000)
  to   space 1024K, 0% used [0x00000000d6980000,0x00000000d6980000,0x00000000d6a80000)
 ParOldGen       total 76288K, used 75830K [0x0000000080000000, 0x0000000084a80000, 0x00000000d5580000)
  object space 76288K, 99% used [0x0000000080000000,0x0000000084a0d860,0x0000000084a80000)
 Metaspace       used 58422K, committed 59776K, reserved 1114112K
  class space    used 6241K, committed 6848K, reserved 1048576K
}
Event: 15.105 GC heap before
{Heap before GC invocations=69 (full 3):
 PSYoungGen      total 21504K, used 903K [0x00000000d5580000, 0x00000000d6b80000, 0x0000000100000000)
  eden space 20480K, 0% used [0x00000000d5580000,0x00000000d5580000,0x00000000d6980000)
  from space 1024K, 88% used [0x00000000d6a80000,0x00000000d6b61e70,0x00000000d6b80000)
  to   space 1024K, 0% used [0x00000000d6980000,0x00000000d6980000,0x00000000d6a80000)
 ParOldGen       total 76288K, used 75830K [0x0000000080000000, 0x0000000084a80000, 0x00000000d5580000)
  object space 76288K, 99% used [0x0000000080000000,0x0000000084a0d860,0x0000000084a80000)
 Metaspace       used 58422K, committed 59776K, reserved 1114112K
  class space    used 6241K, committed 6848K, reserved 1048576K
}
Event: 15.189 GC heap after
{Heap after GC invocations=69 (full 3):
 PSYoungGen      total 21504K, used 0K [0x00000000d5580000, 0x00000000d6b80000, 0x0000000100000000)
  eden space 20480K, 0% used [0x00000000d5580000,0x00000000d5580000,0x00000000d6980000)
  from space 1024K, 0% used [0x00000000d6a80000,0x00000000d6a80000,0x00000000d6b80000)
  to   space 1024K, 0% used [0x00000000d6980000,0x00000000d6980000,0x00000000d6a80000)
 ParOldGen       total 76288K, used 56891K [0x0000000080000000, 0x0000000084a80000, 0x00000000d5580000)
  object space 76288K, 74% used [0x0000000080000000,0x000000008378ec50,0x0000000084a80000)
 Metaspace       used 58415K, committed 59776K, reserved 1114112K
  class space    used 6239K, committed 6848K, reserved 1048576K
}
Event: 15.336 GC heap before
{Heap before GC invocations=70 (full 3):
 PSYoungGen      total 21504K, used 20480K [0x00000000d5580000, 0x00000000d6b80000, 0x0000000100000000)
  eden space 20480K, 100% used [0x00000000d5580000,0x00000000d6980000,0x00000000d6980000)
  from space 1024K, 0% used [0x00000000d6a80000,0x00000000d6a80000,0x00000000d6b80000)
  to   space 1024K, 0% used [0x00000000d6980000,0x00000000d6980000,0x00000000d6a80000)
 ParOldGen       total 76288K, used 56891K [0x0000000080000000, 0x0000000084a80000, 0x00000000d5580000)
  object space 76288K, 74% used [0x0000000080000000,0x000000008378ec50,0x0000000084a80000)
 Metaspace       used 59231K, committed 60736K, reserved 1114112K
  class space    used 6305K, committed 6976K, reserved 1048576K
}
Event: 15.338 GC heap after
{Heap after GC invocations=70 (full 3):
 PSYoungGen      total 21504K, used 1021K [0x00000000d5580000, 0x00000000d6f80000, 0x0000000100000000)
  eden space 20480K, 0% used [0x00000000d5580000,0x00000000d5580000,0x00000000d6980000)
  from space 1024K, 99% used [0x00000000d6980000,0x00000000d6a7f420,0x00000000d6a80000)
  to   space 3072K, 0% used [0x00000000d6c80000,0x00000000d6c80000,0x00000000d6f80000)
 ParOldGen       total 76288K, used 58507K [0x0000000080000000, 0x0000000084a80000, 0x00000000d5580000)
  object space 76288K, 76% used [0x0000000080000000,0x0000000083922cf8,0x0000000084a80000)
 Metaspace       used 59231K, committed 60736K, reserved 1114112K
  class space    used 6305K, committed 6976K, reserved 1048576K
}
Event: 15.370 GC heap before
{Heap before GC invocations=71 (full 3):
 PSYoungGen      total 21504K, used 21501K [0x00000000d5580000, 0x00000000d6f80000, 0x0000000100000000)
  eden space 20480K, 100% used [0x00000000d5580000,0x00000000d6980000,0x00000000d6980000)
  from space 1024K, 99% used [0x00000000d6980000,0x00000000d6a7f420,0x00000000d6a80000)
  to   space 3072K, 0% used [0x00000000d6c80000,0x00000000d6c80000,0x00000000d6f80000)
 ParOldGen       total 76288K, used 58507K [0x0000000080000000, 0x0000000084a80000, 0x00000000d5580000)
  object space 76288K, 76% used [0x0000000080000000,0x0000000083922cf8,0x0000000084a80000)
 Metaspace       used 59239K, committed 60736K, reserved 1114112K
  class space    used 6305K, committed 6976K, reserved 1048576K
}
Event: 15.371 GC heap after
{Heap after GC invocations=71 (full 3):
 PSYoungGen      total 21504K, used 810K [0x00000000d5580000, 0x00000000d6d80000, 0x0000000100000000)
  eden space 20480K, 0% used [0x00000000d5580000,0x00000000d5580000,0x00000000d6980000)
  from space 1024K, 79% used [0x00000000d6c80000,0x00000000d6d4a998,0x00000000d6d80000)
  to   space 1536K, 0% used [0x00000000d6a80000,0x00000000d6a80000,0x00000000d6c00000)
 ParOldGen       total 76288K, used 59396K [0x0000000080000000, 0x0000000084a80000, 0x00000000d5580000)
  object space 76288K, 77% used [0x0000000080000000,0x0000000083a01050,0x0000000084a80000)
 Metaspace       used 59239K, committed 60736K, reserved 1114112K
  class space    used 6305K, committed 6976K, reserved 1048576K
}
Event: 31.209 GC heap before
{Heap before GC invocations=72 (full 3):
 PSYoungGen      total 21504K, used 21290K [0x00000000d5580000, 0x00000000d6d80000, 0x0000000100000000)
  eden space 20480K, 100% used [0x00000000d5580000,0x00000000d6980000,0x00000000d6980000)
  from space 1024K, 79% used [0x00000000d6c80000,0x00000000d6d4a998,0x00000000d6d80000)
  to   space 1536K, 0% used [0x00000000d6a80000,0x00000000d6a80000,0x00000000d6c00000)
 ParOldGen       total 76288K, used 59396K [0x0000000080000000, 0x0000000084a80000, 0x00000000d5580000)
  object space 76288K, 77% used [0x0000000080000000,0x0000000083a01050,0x0000000084a80000)
 Metaspace       used 61216K, committed 62656K, reserved 1114112K
  class space    used 6489K, committed 7104K, reserved 1048576K
}
Event: 31.211 GC heap after
{Heap after GC invocations=72 (full 3):
 PSYoungGen      total 22016K, used 1376K [0x00000000d5580000, 0x00000000d6d00000, 0x0000000100000000)
  eden space 20480K, 0% used [0x00000000d5580000,0x00000000d5580000,0x00000000d6980000)
  from space 1536K, 89% used [0x00000000d6a80000,0x00000000d6bd8030,0x00000000d6c00000)
  to   space 1024K, 0% used [0x00000000d6c00000,0x00000000d6c00000,0x00000000d6d00000)
 ParOldGen       total 76288K, used 59420K [0x0000000080000000, 0x0000000084a80000, 0x00000000d5580000)
  object space 76288K, 77% used [0x0000000080000000,0x0000000083a07050,0x0000000084a80000)
 Metaspace       used 61216K, committed 62656K, reserved 1114112K
  class space    used 6489K, committed 7104K, reserved 1048576K
}

